[1] "Whole_Blood"
[1] "Whole_Blood"
[1] "Adipose_Subcutaneous"
[1] "Adipose_Subcutaneous"
[1] "Muscle_Skeletal"
[1] "Muscle_Skeletal"
[1] "Artery_Tibial"
[1] "Artery_Tibial"
[1] "Artery_Coronary"
[1] "Artery_Coronary"
[1] "Heart_Atrial_Appendage"
[1] "Heart_Atrial_Appendage"
[1] "Adipose_Visceral_Omentum"
[1] "Adipose_Visceral_Omentum"
[1] "Ovary"
[1] "Ovary"
[1] "Uterus"
[1] "Uterus"
[1] "Vagina"
[1] "Vagina"
[1] "Breast_Mammary_Tissue"
[1] "Breast_Mammary_Tissue"
[1] "Skin_Not_Sun_Exposed_Suprapubic"
[1] "Skin_Not_Sun_Exposed_Suprapubic"
[1] "Minor_Salivary_Gland"
[1] "Brain_Cortex"
[1] "Brain_Cortex"
[1] "Adrenal_Gland"
[1] "Adrenal_Gland"
[1] "Thyroid"
[1] "Thyroid"
[1] "Lung"
[1] "Lung"
[1] "Spleen"
[1] "Spleen"
[1] "Pancreas"
[1] "Pancreas"
[1] "Esophagus_Muscularis"
[1] "Esophagus_Muscularis"
[1] "Esophagus_Mucosa"
slurmstepd: error: *** JOB 6710210 ON cn1321 CANCELLED AT 2019-02-22T05:05:05 DUE TO TIME LIMIT ***
